# DevOps 平台会话历史审计日志 (Session History Log)

> **格式强制规范 (Formatting Covenant)**:
> 1. **单一视图原则**：所有记录**必须**且仅能以 Markdown 表格形式存在，严禁使用 ### 标题或自由文本块。
> 2. **列对齐约定**：必须保持 6 列结构：`Session ID | Start Time | End Time | End Commit | Status | Key Deliverables / Next Steps`。
> 3. **时间序**：必须按结束时间**倒序**（最新在上）排列。
> 4. **原子化描述**：交付物必须使用 `1. ...; 2. ...` 格式在单元格内换行或分号隔离。

| Session ID | Start Time | End Time | End Commit | Status | Key Deliverables / Next Steps |
| :--- | :--- | :--- | :--- | :--- | :--- |
| 44646228... | 2026-04-15 | 18:05 | N/A (Local) | SUCCESS | **核心路由测试硬化**: 1. 完成 `quality_router.py` 100% 覆盖; 2. 修复 httpx AsyncClient 异步回退 Mock 漏洞; 3. 沉淀 2 条工程严谨性实战教训。 |
| 44646228... | 2026-04-14 | 2026-04-15 | 9cb40ef | SUCCESS | **RBAC 模型对齐与测试隔离加固**: 1. 在 contexts.md 确立「菜单即权限」范式; 2. 完成治理模块测试隔离重构(isolated_client); 3. 修复 bcrypt 与 PRAGMA 方言冲突; 4. 实现 266 项全量测试验证。 |
| 44646228... | 2026-04-14 | 19:16 | N/A (Local) | SUCCESS | **SonarQube 重构与工程加固**: 1. 完成 Webhook + Batch Transformer 高性能重构; 2. 硬化 AGENTS.md Rule 9 & 10 安全红线; 3. 解决 MQ 启动竞态并产出插件审计报告; 4. 同步 6 条实战教训。下一步：修复非 Sonar 模块集成测试种子。 |
| N/A | 2026-04-14 | 13:05 | N/A (Local) | SUCCESS | **SonarQube Spike**: 确立 Webhook 多源触发架构，定义核心指标计算口径。 |
| N/A | 2026-04-14 | 12:55 | N/A (Local) | SUCCESS | **规范对齐**: 1. 统一 AGENTS/contexts 覆盖率要求; 2. 注入企业级合规守则; 3. 去除重量级中间件依赖，回归 Python 原生结构。 |
| c28bb6d... | 2026-04-10 | 17:45 | c28bb6d | SUCCESS | **监控看板上线**: 1. 交付 Quality Monitor 看板; 2. 强制 /merge 流程与分层测试; 3. 生产依赖脱敏; 4. 落地指令校验律。 |
| c28bb6d... | 2026-04-10 | 11:20 | N/A (Local) | SUCCESS | **MQ 性能优化**: 1. 实现消费者批处理框架 (consume_batches); 2. 穿透 Correlation ID 追踪; 3. MDM SCD2 稳定性验证。 |
| 687c7793... | 2026-04-09 | 14:50 | N/A (Local) | SUCCESS | **全链路韧性加固**: 1. 发布 Chaos Sentinel; 2. 封堵 dbt JSONB 陷阱; 3. 发布 ADR 0004; 4. 实现交接审计闭环。 |
| bf4f28cc... | 2026-04-02 | 11:00 | N/A (Local) | SUCCESS | **WeCom 插件交付**: 1. 实现三阶段同步逻辑与部门递归过滤; 2. 完成级联排除算法验证; 3. 加固 WeCom 配置防呆。 |
| bf4f28cc... | 2026-04-02 | 09:25 | N/A (Local) | SUCCESS | **测试债清理**: 补全 Portal 测试集 `authenticated_client` 修复，核心逻辑 100% 通过。 |
| 7c0b8b39... | 2026-04-01 | 17:38 | N/A (Local) | ONGOING | **域拆分重构**: 完成 Admin/SD/Plugin 等 5 域解耦，新增 core service 文件。待补全 fixture。 |
| 7c0b8b39... | 2026-04-01 | 02:40 | N/A (Local) | SUCCESS | **RBAC 修复**: 1. 解决混合模型回滚污染; 2. 实现 JWT 瞬态权限聚合。 |
| 7c0b8b39... | 2026-03-31 | 17:45 | N/A (Local) | SUCCESS | **Client 韧性**: 实现 BaseClient 熔断与日志脱敏，解决重试导致的测试超时。 |
| 7c0b8b39... | 2026-03-31 | 16:05 | N/A (Local) | SUCCESS | **流程升级**: 确立归档红线，将会话审计升级为 DoD 强制动作。 |
| a0ce3113... | 2026-03-31 | 15:42 | f8a531e | SUCCESS | **解耦方案落地**: 实现 OrgService 元架构解耦与两阶段对齐协议; 防御性编程入宪。 |
| bd608b61... | 2026-03-21 | 18:50 | 0a6d999 | SUCCESS | **SQLite 兼容性**: 修复 CommitMixin 对齐 GitLab 同步测试集。 |
| 22fbd8d3... | 2026-03-20 | 22:20 | 04c87ee | SUCCESS | **转正自动化**: 实现 Option A 解耦，落座身份对齐 UUID 闭环。 |
| 60ac0113... | 2026-03-19 | 18:20 | 40a8547 | ONGOING | **Admin 修复**: 修复 9/9 模块测试。下一步：Org 预置数据修复。 |
| 64eef977... | 2026-03-17 | 09:45 | N/A (Local) | SUCCESS | **规范确立**: 建立会话交接红线与 progress.txt 标准格式。 |

---
*End of Log*
